<?xml version="1.0" encoding="UTF-8"?>
<!-- Generated by org.testng.reporters.JUnitReportReporter -->
<testsuite hostname="SC-201910131557" name="com.lemon.cases.Case_ZhuCe2" tests="7" failures="0" timestamp="4 Dec 2019 06:50:08 GMT" time="1.838" errors="0">
  <testcase name="test" time="0.099" classname="com.lemon.cases.Case_ZhuCe2"/>
  <testcase name="test" time="0.107" classname="com.lemon.cases.Case_ZhuCe2"/>
  <testcase name="test" time="0.987" classname="com.lemon.cases.Case_ZhuCe2"/>
  <testcase name="test" time="0.099" classname="com.lemon.cases.Case_ZhuCe2"/>
  <testcase name="test" time="0.103" classname="com.lemon.cases.Case_ZhuCe2"/>
  <testcase name="test" time="0.112" classname="com.lemon.cases.Case_ZhuCe2"/>
  <testcase name="test" time="0.331" classname="com.lemon.cases.Case_ZhuCe2"/>
</testsuite> <!-- com.lemon.cases.Case_ZhuCe2 -->
