<?xml version="1.0" encoding="UTF-8"?>
<!-- Generated by org.testng.reporters.JUnitReportReporter -->
<testsuite hostname="SC-201910131557" name="com.lemon.httpclient.ExcellUtils" tests="2" failures="0" timestamp="4 Dec 2019 02:14:17 GMT" time="0.733" errors="0">
  <testcase name="test" time="0.103" classname="com.lemon.httpclient.ExcellUtils"/>
  <testcase name="test" time="0.630" classname="com.lemon.httpclient.ExcellUtils"/>
</testsuite> <!-- com.lemon.httpclient.ExcellUtils -->
