<?xml version="1.0" encoding="UTF-8"?>
<!-- Generated by org.testng.reporters.JUnitReportReporter -->
<testsuite hostname="SC-201910131557" name="com.lemon.cases.Case_ZhuCe" tests="7" failures="0" timestamp="6 Dec 2019 02:05:44 GMT" time="3.528" errors="0">
  <testcase name="test" time="0.102" classname="com.lemon.cases.Case_ZhuCe"/>
  <testcase name="test" time="0.106" classname="com.lemon.cases.Case_ZhuCe"/>
  <testcase name="test" time="1.998" classname="com.lemon.cases.Case_ZhuCe"/>
  <testcase name="test" time="0.100" classname="com.lemon.cases.Case_ZhuCe"/>
  <testcase name="test" time="0.099" classname="com.lemon.cases.Case_ZhuCe"/>
  <testcase name="test" time="0.100" classname="com.lemon.cases.Case_ZhuCe"/>
  <testcase name="test" time="1.023" classname="com.lemon.cases.Case_ZhuCe"/>
</testsuite> <!-- com.lemon.cases.Case_ZhuCe -->
